Arguments: 
  C:\Program Files\nodejs\node.exe C:\Program Files\nodejs\node_modules\yarn\bin\yarn.js init

PATH: 
  C:\Users\Administrator\bin;D:\Program Files\Git\mingw64\bin;D:\Program Files\Git\usr\local\bin;D:\Program Files\Git\usr\bin;D:\Program Files\Git\usr\bin;D:\Program Files\Git\mingw64\bin;D:\Program Files\Git\usr\bin;C:\Users\Administrator\bin;C:\Program Files (x86)\Common Files\Oracle\Java\javapath;C:\Windows\system32;C:\Windows;C:\Windows\System32\Wbem;C:\Windows\System32\WindowsPowerShell\v1.0;C:\Windows\System32\OpenSSH;C:\Program Files (x86)\Intel\Intel(R) Management Engine Components\DAL;C:\Program Files\Intel\Intel(R) Management Engine Components\DAL;C:\Program Files\Go\bin;C:\Program Files\TortoiseSVN\bin;D:\Program Files\Xmanager 7;D:\Program Files\Xshell 7;D:\Program Files\Xftp 7;D:\Program Files\Xlpd 7;C:\Program Files\IDM Computer Solutions\UltraEdit;D:\Program Files\Git\cmd;C:\ProgramData\chocolatey\bin;C:\tools\msys64\mingw64\bin;C:\tools\msys64\usr\bin;C:\Program Files\TortoiseGit\bin;%NVM_HOME%;%NVM_SYMLINK%;D:\Program Files\VanDyke Software\Clients;C:\Python\Python39\Scripts;C:\Python\Python39;C:\Users\Administrator\AppData\Local\Microsoft\WindowsApps;C:\Users\Administrator\go\bin;C:\Program Files\JetBrains\PyCharm 2021.2\bin;C:\Program Files\JetBrains\GoLand 2021.2\bin;C:\tools\msys64;C:\Users\Administrator\AppData\Roaming\nvm;C:\Program Files\nodejs;D:\Program Files\Git\usr\bin\vendor_perl;D:\Program Files\Git\usr\bin\core_perl

Yarn version: 
  1.22.17

Node version: 
  17.2.0

Platform: 
  win32 x64

Trace: 
  Error: Can't answer a question unless a user TTY
      at ConsoleReporter.question (C:\Users\Administrator\AppData\Roaming\nvm\v17.2.0\node_modules\yarn\lib\cli.js:96935:59)
      at Object.<anonymous> (C:\Users\Administrator\AppData\Roaming\nvm\v17.2.0\node_modules\yarn\lib\cli.js:89125:38)
      at Generator.next (<anonymous>)
      at step (C:\Users\Administrator\AppData\Roaming\nvm\v17.2.0\node_modules\yarn\lib\cli.js:310:30)
      at C:\Users\Administrator\AppData\Roaming\nvm\v17.2.0\node_modules\yarn\lib\cli.js:321:13
      at processTicksAndRejections (node:internal/process/task_queues:96:5)

npm manifest: 
  No manifest

yarn manifest: 
  No manifest

Lockfile: 
  No lockfile
